<?xml version="1.0" encoding="UTF-8"?>
<beans xmlns="http://www.springframework.org/schema/beans"
	xmlns:context="http://www.springframework.org/schema/context"
	xmlns:xsi="http://www.w3.org/2001/XMLSchema-instance"
	xsi:schemaLocation="http://www.springframework.org/schema/beans
           http://www.springframework.org/schema/beans/spring-beans-3.1.xsd
           http://www.springframework.org/schema/context
           http://www.springframework.org/schema/context/spring-context-3.1.xsd">
           
    <bean class="org.solmix.datax.jdbc.core.JdbcSupportFactoryBean"></bean>
	<bean id="sqlSessionFactory" class="org.solmix.datax.mybatis.SqlSessionFactoryBean">
		<property name="dataSource" ref="partition1_main" />
		<property name="configLocation"
			value="classpath:META-INF/mybatis/mybatis-config.xml" />
		<property name="mapperLocations">
			<list>
				<value>classpath:META-INF/entity/*.xml</value>
			</list>
		</property>
	</bean>
	<bean id="mybatis" class="org.solmix.datax.mybatis.MybatisDataServiceFactory">

	</bean>
</beans>